2021-08-19 11:02:33.767  INFO [authorizationService,,] 26784 --- [restartedMain] c.c.AuthorizationMicroserviceApplication : Starting AuthorizationMicroserviceApplication using Java 16.0.1 on LAPTOP-6DB9UHK5 with PID 26784 (D:\New folder\PensionManagement\authorization-microservice\target\classes started by iftak in D:\New folder\PensionManagement\authorization-microservice)
2021-08-19 11:02:33.767  INFO [authorizationService,,] 26784 --- [restartedMain] c.c.AuthorizationMicroserviceApplication : No active profile set, falling back to default profiles: default
2021-08-19 11:02:34.540  INFO [authorizationService,,] 26784 --- [restartedMain] .s.d.r.c.RepositoryConfigurationDelegate : Bootstrapping Spring Data JPA repositories in DEFAULT mode.
2021-08-19 11:02:34.555  INFO [authorizationService,,] 26784 --- [restartedMain] .s.d.r.c.RepositoryConfigurationDelegate : Finished Spring Data repository scanning in 12 ms. Found 1 JPA repository interfaces.
2021-08-19 11:02:34.725  INFO [authorizationService,,] 26784 --- [restartedMain] o.s.cloud.context.scope.GenericScope     : BeanFactory id=e7c74809-317d-35dd-8ff3-65aea5aa621d
2021-08-19 11:02:35.011  INFO [authorizationService,,] 26784 --- [restartedMain] o.s.b.w.embedded.tomcat.TomcatWebServer  : Tomcat initialized with port(s): 9090 (http)
2021-08-19 11:02:35.013  INFO [authorizationService,,] 26784 --- [restartedMain] o.apache.catalina.core.StandardService   : Starting service [Tomcat]
2021-08-19 11:02:35.014  INFO [authorizationService,,] 26784 --- [restartedMain] org.apache.catalina.core.StandardEngine  : Starting Servlet engine: [Apache Tomcat/9.0.50]
2021-08-19 11:02:35.077  INFO [authorizationService,,] 26784 --- [restartedMain] o.a.c.c.C.[Tomcat-1].[localhost].[/]     : Initializing Spring embedded WebApplicationContext
2021-08-19 11:02:35.078  INFO [authorizationService,,] 26784 --- [restartedMain] w.s.c.ServletWebServerApplicationContext : Root WebApplicationContext: initialization completed in 1306 ms
2021-08-19 11:02:35.152  INFO [authorizationService,,] 26784 --- [restartedMain] com.zaxxer.hikari.HikariDataSource       : HikariPool-10 - Starting...
2021-08-19 11:02:35.176  INFO [authorizationService,,] 26784 --- [restartedMain] com.zaxxer.hikari.HikariDataSource       : HikariPool-10 - Start completed.
2021-08-19 11:02:35.177  INFO [authorizationService,,] 26784 --- [restartedMain] o.s.b.a.h2.H2ConsoleAutoConfiguration    : H2 console available at '/h2-console'. Database available at 'jdbc:h2:mem:testDB'
2021-08-19 11:02:35.391  INFO [authorizationService,,] 26784 --- [restartedMain] o.hibernate.jpa.internal.util.LogHelper  : HHH000204: Processing PersistenceUnitInfo [name: default]
2021-08-19 11:02:35.401  INFO [authorizationService,,] 26784 --- [restartedMain] org.hibernate.dialect.Dialect            : HHH000400: Using dialect: org.hibernate.dialect.H2Dialect
2021-08-19 11:02:35.441  INFO [authorizationService,,] 26784 --- [restartedMain] o.h.e.t.j.p.i.JtaPlatformInitiator       : HHH000490: Using JtaPlatform implementation: [org.hibernate.engine.transaction.jta.platform.internal.NoJtaPlatform]
2021-08-19 11:02:35.442  INFO [authorizationService,,] 26784 --- [restartedMain] j.LocalContainerEntityManagerFactoryBean : Initialized JPA EntityManagerFactory for persistence unit 'default'
2021-08-19 11:02:35.940  INFO [authorizationService,,] 26784 --- [restartedMain] o.s.b.d.a.OptionalLiveReloadServer       : LiveReload server is running on port 35729
2021-08-19 11:02:36.063  WARN [authorizationService,,] 26784 --- [restartedMain] JpaBaseConfiguration$JpaWebConfiguration : spring.jpa.open-in-view is enabled by default. Therefore, database queries may be performed during view rendering. Explicitly configure spring.jpa.open-in-view to disable this warning
2021-08-19 11:02:36.714  INFO [authorizationService,,] 26784 --- [restartedMain] o.s.s.web.DefaultSecurityFilterChain     : Will secure any request with [org.springframework.security.web.context.request.async.WebAsyncManagerIntegrationFilter@62b252dd, org.springframework.security.web.context.SecurityContextPersistenceFilter@40f85304, org.springframework.security.web.header.HeaderWriterFilter@5ebccca5, org.springframework.security.web.authentication.logout.LogoutFilter@afd4907, com.cognizant.filter.JwtFilter@54e3e7ad, org.springframework.security.web.savedrequest.RequestCacheAwareFilter@5bfe97b0, org.springframework.security.web.servletapi.SecurityContextHolderAwareRequestFilter@ddf8084, org.springframework.security.web.authentication.AnonymousAuthenticationFilter@65241117, org.springframework.security.web.session.SessionManagementFilter@575b98a, org.springframework.security.web.access.ExceptionTranslationFilter@2ede3675, org.springframework.security.web.access.intercept.FilterSecurityInterceptor@4351bef5]
2021-08-19 11:02:37.685  INFO [authorizationService,,] 26784 --- [restartedMain] o.s.b.w.embedded.tomcat.TomcatWebServer  : Tomcat started on port(s): 9090 (http) with context path ''
2021-08-19 11:02:37.829  INFO [authorizationService,,] 26784 --- [restartedMain] d.s.w.p.DocumentationPluginsBootstrapper : Context refreshed
2021-08-19 11:02:37.832  INFO [authorizationService,,] 26784 --- [restartedMain] d.s.w.p.DocumentationPluginsBootstrapper : Found 1 custom documentation plugin(s)
2021-08-19 11:02:37.837  INFO [authorizationService,,] 26784 --- [restartedMain] s.d.s.w.s.ApiListingReferenceScanner     : Scanning for api listing references
2021-08-19 11:02:37.868  INFO [authorizationService,,] 26784 --- [restartedMain] c.c.AuthorizationMicroserviceApplication : Started AuthorizationMicroserviceApplication in 4.348 seconds (JVM running for 3669.329)
2021-08-19 11:02:37.871  INFO [authorizationService,,] 26784 --- [restartedMain] .ConditionEvaluationDeltaLoggingListener : Condition evaluation unchanged
2021-08-19 11:02:40.956  INFO [authorizationService,,] 26784 --- [RMI TCP Connection(106)-127.0.0.1] inMXBeanRegistrar$SpringApplicationAdmin : Application shutdown requested.
2021-08-19 11:02:40.985  INFO [authorizationService,,] 26784 --- [RMI TCP Connection(106)-127.0.0.1] j.LocalContainerEntityManagerFactoryBean : Closing JPA EntityManagerFactory for persistence unit 'default'
2021-08-19 11:02:40.985  INFO [authorizationService,,] 26784 --- [RMI TCP Connection(106)-127.0.0.1] .SchemaDropperImpl$DelayedDropActionImpl : HHH000477: Starting delayed evictData of schema as part of SessionFactory shut-down'
2021-08-19 11:02:41.195  WARN [authorizationService,,] 26784 --- [RMI TCP Connection(106)-127.0.0.1] o.s.b.f.support.DisposableBeanAdapter    : Invocation of destroy method failed on bean with name 'inMemoryDatabaseShutdownExecutor': org.h2.jdbc.JdbcSQLNonTransientConnectionException: Database is already closed (to disable automatic closing at VM shutdown, add ";DB_CLOSE_ON_EXIT=FALSE" to the db URL) [90121-200]
2021-08-19 11:02:41.197  INFO [authorizationService,,] 26784 --- [RMI TCP Connection(106)-127.0.0.1] com.zaxxer.hikari.HikariDataSource       : HikariPool-10 - Shutdown initiated...
2021-08-19 11:02:41.249  INFO [authorizationService,,] 26784 --- [RMI TCP Connection(106)-127.0.0.1] com.zaxxer.hikari.HikariDataSource       : HikariPool-10 - Shutdown completed.
2021-08-19 12:21:15.417  INFO [authorizationService,,] 2832 --- [restartedMain] c.c.AuthorizationMicroserviceApplication : Starting AuthorizationMicroserviceApplication using Java 16.0.1 on DESKTOP-UBQ4MP1 with PID 2832 (C:\Users\Sanyam\Desktop\CTS-final-viva\PensionManagement\authorization-microservice\target\classes started by Sanyam in C:\Users\Sanyam\Desktop\CTS-final-viva\PensionManagement\authorization-microservice)
2021-08-19 12:21:15.485  INFO [authorizationService,,] 2832 --- [restartedMain] c.c.AuthorizationMicroserviceApplication : No active profile set, falling back to default profiles: default
2021-08-19 12:21:15.567  INFO [authorizationService,,] 2832 --- [restartedMain] .e.DevToolsPropertyDefaultsPostProcessor : Devtools property defaults active! Set 'spring.devtools.add-properties' to 'false' to disable
2021-08-19 12:21:15.568  INFO [authorizationService,,] 2832 --- [restartedMain] .e.DevToolsPropertyDefaultsPostProcessor : For additional web related logging consider setting the 'logging.level.web' property to 'DEBUG'
2021-08-19 12:21:17.092  INFO [authorizationService,,] 2832 --- [restartedMain] .s.d.r.c.RepositoryConfigurationDelegate : Bootstrapping Spring Data JPA repositories in DEFAULT mode.
2021-08-19 12:21:17.171  INFO [authorizationService,,] 2832 --- [restartedMain] .s.d.r.c.RepositoryConfigurationDelegate : Finished Spring Data repository scanning in 69 ms. Found 1 JPA repository interfaces.
2021-08-19 12:21:17.624  INFO [authorizationService,,] 2832 --- [restartedMain] o.s.cloud.context.scope.GenericScope     : BeanFactory id=e7c74809-317d-35dd-8ff3-65aea5aa621d
2021-08-19 12:21:18.805  INFO [authorizationService,,] 2832 --- [restartedMain] o.s.b.w.embedded.tomcat.TomcatWebServer  : Tomcat initialized with port(s): 9090 (http)
2021-08-19 12:21:18.821  INFO [authorizationService,,] 2832 --- [restartedMain] o.apache.catalina.core.StandardService   : Starting service [Tomcat]
2021-08-19 12:21:18.821  INFO [authorizationService,,] 2832 --- [restartedMain] org.apache.catalina.core.StandardEngine  : Starting Servlet engine: [Apache Tomcat/9.0.50]
2021-08-19 12:21:19.004  INFO [authorizationService,,] 2832 --- [restartedMain] o.a.c.c.C.[Tomcat].[localhost].[/]       : Initializing Spring embedded WebApplicationContext
2021-08-19 12:21:19.005  INFO [authorizationService,,] 2832 --- [restartedMain] w.s.c.ServletWebServerApplicationContext : Root WebApplicationContext: initialization completed in 3436 ms
2021-08-19 12:21:19.116  INFO [authorizationService,,] 2832 --- [restartedMain] com.zaxxer.hikari.HikariDataSource       : HikariPool-1 - Starting...
2021-08-19 12:21:19.464  INFO [authorizationService,,] 2832 --- [restartedMain] com.zaxxer.hikari.HikariDataSource       : HikariPool-1 - Start completed.
2021-08-19 12:21:19.472  INFO [authorizationService,,] 2832 --- [restartedMain] o.s.b.a.h2.H2ConsoleAutoConfiguration    : H2 console available at '/h2-console'. Database available at 'jdbc:h2:mem:testDB'
2021-08-19 12:21:19.968  INFO [authorizationService,,] 2832 --- [restartedMain] o.hibernate.jpa.internal.util.LogHelper  : HHH000204: Processing PersistenceUnitInfo [name: default]
2021-08-19 12:21:20.037  INFO [authorizationService,,] 2832 --- [restartedMain] org.hibernate.Version                    : HHH000412: Hibernate ORM core version 5.4.32.Final
2021-08-19 12:21:20.240  INFO [authorizationService,,] 2832 --- [restartedMain] o.hibernate.annotations.common.Version   : HCANN000001: Hibernate Commons Annotations {5.1.2.Final}
2021-08-19 12:21:20.425  INFO [authorizationService,,] 2832 --- [restartedMain] org.hibernate.dialect.Dialect            : HHH000400: Using dialect: org.hibernate.dialect.H2Dialect
2021-08-19 12:21:21.177  INFO [authorizationService,,] 2832 --- [restartedMain] o.h.e.t.j.p.i.JtaPlatformInitiator       : HHH000490: Using JtaPlatform implementation: [org.hibernate.engine.transaction.jta.platform.internal.NoJtaPlatform]
2021-08-19 12:21:21.188  INFO [authorizationService,,] 2832 --- [restartedMain] j.LocalContainerEntityManagerFactoryBean : Initialized JPA EntityManagerFactory for persistence unit 'default'
2021-08-19 12:21:22.118  INFO [authorizationService,,] 2832 --- [restartedMain] o.s.b.d.a.OptionalLiveReloadServer       : LiveReload server is running on port 35729
2021-08-19 12:21:22.434  WARN [authorizationService,,] 2832 --- [restartedMain] JpaBaseConfiguration$JpaWebConfiguration : spring.jpa.open-in-view is enabled by default. Therefore, database queries may be performed during view rendering. Explicitly configure spring.jpa.open-in-view to disable this warning
2021-08-19 12:21:23.700  INFO [authorizationService,,] 2832 --- [restartedMain] o.s.s.web.DefaultSecurityFilterChain     : Will secure any request with [org.springframework.security.web.context.request.async.WebAsyncManagerIntegrationFilter@730d8a7b, org.springframework.security.web.context.SecurityContextPersistenceFilter@1115e301, org.springframework.security.web.header.HeaderWriterFilter@4a9984ef, org.springframework.security.web.authentication.logout.LogoutFilter@134ddef7, com.cognizant.filter.JwtFilter@3a7bfa3b, org.springframework.security.web.savedrequest.RequestCacheAwareFilter@71a5a9c7, org.springframework.security.web.servletapi.SecurityContextHolderAwareRequestFilter@4b30ffde, org.springframework.security.web.authentication.AnonymousAuthenticationFilter@b524f36, org.springframework.security.web.session.SessionManagementFilter@5ea94e1f, org.springframework.security.web.access.ExceptionTranslationFilter@47f10f82, org.springframework.security.web.access.intercept.FilterSecurityInterceptor@732f0d6f]
2021-08-19 12:21:24.999  INFO [authorizationService,,] 2832 --- [restartedMain] o.s.b.w.embedded.tomcat.TomcatWebServer  : Tomcat started on port(s): 9090 (http) with context path ''
2021-08-19 12:21:25.136  INFO [authorizationService,,] 2832 --- [restartedMain] d.s.w.p.DocumentationPluginsBootstrapper : Context refreshed
2021-08-19 12:21:25.160  INFO [authorizationService,,] 2832 --- [restartedMain] d.s.w.p.DocumentationPluginsBootstrapper : Found 1 custom documentation plugin(s)
2021-08-19 12:21:25.173  INFO [authorizationService,,] 2832 --- [restartedMain] s.d.s.w.s.ApiListingReferenceScanner     : Scanning for api listing references
2021-08-19 12:21:25.391  INFO [authorizationService,,] 2832 --- [restartedMain] c.c.AuthorizationMicroserviceApplication : Started AuthorizationMicroserviceApplication in 10.859 seconds (JVM running for 13.29)
2021-08-19 12:33:40.088  INFO [authorizationService,,] 2832 --- [http-nio-9090-exec-2] o.a.c.c.C.[Tomcat].[localhost].[/]       : Initializing Spring DispatcherServlet 'dispatcherServlet'
2021-08-19 12:33:40.212  INFO [authorizationService,,] 2832 --- [http-nio-9090-exec-2] o.s.web.servlet.DispatcherServlet        : Initializing Servlet 'dispatcherServlet'
2021-08-19 12:33:40.869  INFO [authorizationService,,] 2832 --- [http-nio-9090-exec-2] o.s.web.servlet.DispatcherServlet        : Completed initialization in 656 ms
2021-08-19 12:33:42.873  INFO [authorizationService,11014829f8556aae,3e7a5b1cc16ba14f] 2832 --- [http-nio-9090-exec-1] c.c.controller.AuthorizationController   : STARTED - generateToken
2021-08-19 12:33:42.873  INFO [authorizationService,06b6de7fd3ebe4a0,93d0d0243a4ce83f] 2832 --- [http-nio-9090-exec-2] c.c.controller.AuthorizationController   : STARTED - generateToken
2021-08-19 12:33:42.917  INFO [authorizationService,11014829f8556aae,3e7a5b1cc16ba14f] 2832 --- [http-nio-9090-exec-1] c.c.service.CustomUserDetailService      : STARTED - loadUserByUsername
2021-08-19 12:33:42.917  INFO [authorizationService,06b6de7fd3ebe4a0,93d0d0243a4ce83f] 2832 --- [http-nio-9090-exec-2] c.c.service.CustomUserDetailService      : STARTED - loadUserByUsername
2021-08-19 12:33:44.152  INFO [authorizationService,06b6de7fd3ebe4a0,93d0d0243a4ce83f] 2832 --- [http-nio-9090-exec-2] c.c.service.CustomUserDetailService      : END - loadUserByUsername
2021-08-19 12:33:44.152  INFO [authorizationService,11014829f8556aae,3e7a5b1cc16ba14f] 2832 --- [http-nio-9090-exec-1] c.c.service.CustomUserDetailService      : END - loadUserByUsername
2021-08-19 12:33:44.154 ERROR [authorizationService,06b6de7fd3ebe4a0,93d0d0243a4ce83f] 2832 --- [http-nio-9090-exec-2] c.c.service.CustomUserDetailService      : ERROR-username not found
2021-08-19 12:33:44.154 ERROR [authorizationService,11014829f8556aae,3e7a5b1cc16ba14f] 2832 --- [http-nio-9090-exec-1] c.c.service.CustomUserDetailService      : ERROR-username not found
2021-08-19 12:33:44.155 ERROR [authorizationService,11014829f8556aae,3e7a5b1cc16ba14f] 2832 --- [http-nio-9090-exec-1] c.c.controller.AuthorizationController   : EXCEPTION - generateToken
2021-08-19 12:33:44.155 ERROR [authorizationService,06b6de7fd3ebe4a0,93d0d0243a4ce83f] 2832 --- [http-nio-9090-exec-2] c.c.controller.AuthorizationController   : EXCEPTION - generateToken
2021-08-19 12:33:44.157  INFO [authorizationService,11014829f8556aae,3e7a5b1cc16ba14f] 2832 --- [http-nio-9090-exec-1] c.c.exception.ControllerAdviceClass      : STARTED - controllerAdviceResponse
2021-08-19 12:33:44.157  INFO [authorizationService,06b6de7fd3ebe4a0,93d0d0243a4ce83f] 2832 --- [http-nio-9090-exec-2] c.c.exception.ControllerAdviceClass      : STARTED - controllerAdviceResponse
2021-08-19 12:33:44.213  INFO [authorizationService,11014829f8556aae,3e7a5b1cc16ba14f] 2832 --- [http-nio-9090-exec-1] c.c.exception.ControllerAdviceClass      : END - controllerAdviceResponse
2021-08-19 12:33:44.213  INFO [authorizationService,06b6de7fd3ebe4a0,93d0d0243a4ce83f] 2832 --- [http-nio-9090-exec-2] c.c.exception.ControllerAdviceClass      : END - controllerAdviceResponse
2021-08-19 12:33:44.298  WARN [authorizationService,11014829f8556aae,3e7a5b1cc16ba14f] 2832 --- [http-nio-9090-exec-1] .m.m.a.ExceptionHandlerExceptionResolver : Resolved [com.cognizant.exception.ResourceNotFound: user not found]
2021-08-19 12:33:44.298  WARN [authorizationService,06b6de7fd3ebe4a0,93d0d0243a4ce83f] 2832 --- [http-nio-9090-exec-2] .m.m.a.ExceptionHandlerExceptionResolver : Resolved [com.cognizant.exception.ResourceNotFound: user not found]
2021-08-19 12:33:44.437  INFO [authorizationService,13010f3474df6f59,cf2c00d79fa76c22] 2832 --- [http-nio-9090-exec-3] c.c.controller.AuthorizationController   : STARTED - generateToken
2021-08-19 12:33:44.437  INFO [authorizationService,13010f3474df6f59,cf2c00d79fa76c22] 2832 --- [http-nio-9090-exec-3] c.c.service.CustomUserDetailService      : STARTED - loadUserByUsername
2021-08-19 12:33:44.439  INFO [authorizationService,13010f3474df6f59,cf2c00d79fa76c22] 2832 --- [http-nio-9090-exec-3] c.c.service.CustomUserDetailService      : END - loadUserByUsername
2021-08-19 12:33:44.439 ERROR [authorizationService,13010f3474df6f59,cf2c00d79fa76c22] 2832 --- [http-nio-9090-exec-3] c.c.service.CustomUserDetailService      : ERROR-username not found
2021-08-19 12:33:44.440 ERROR [authorizationService,13010f3474df6f59,cf2c00d79fa76c22] 2832 --- [http-nio-9090-exec-3] c.c.controller.AuthorizationController   : EXCEPTION - generateToken
2021-08-19 12:33:44.440  INFO [authorizationService,13010f3474df6f59,cf2c00d79fa76c22] 2832 --- [http-nio-9090-exec-3] c.c.exception.ControllerAdviceClass      : STARTED - controllerAdviceResponse
2021-08-19 12:33:44.440  INFO [authorizationService,13010f3474df6f59,cf2c00d79fa76c22] 2832 --- [http-nio-9090-exec-3] c.c.exception.ControllerAdviceClass      : END - controllerAdviceResponse
2021-08-19 12:33:44.443  INFO [authorizationService,81c2b4935a5e68f6,4fc2a0e7391cebce] 2832 --- [http-nio-9090-exec-4] c.c.controller.AuthorizationController   : STARTED - generateToken
2021-08-19 12:33:44.443  WARN [authorizationService,13010f3474df6f59,cf2c00d79fa76c22] 2832 --- [http-nio-9090-exec-3] .m.m.a.ExceptionHandlerExceptionResolver : Resolved [com.cognizant.exception.ResourceNotFound: user not found]
2021-08-19 12:33:44.444  INFO [authorizationService,81c2b4935a5e68f6,4fc2a0e7391cebce] 2832 --- [http-nio-9090-exec-4] c.c.service.CustomUserDetailService      : STARTED - loadUserByUsername
2021-08-19 12:33:44.445  INFO [authorizationService,81c2b4935a5e68f6,4fc2a0e7391cebce] 2832 --- [http-nio-9090-exec-4] c.c.service.CustomUserDetailService      : END - loadUserByUsername
2021-08-19 12:33:44.446 ERROR [authorizationService,81c2b4935a5e68f6,4fc2a0e7391cebce] 2832 --- [http-nio-9090-exec-4] c.c.service.CustomUserDetailService      : ERROR-username not found
2021-08-19 12:33:44.447 ERROR [authorizationService,81c2b4935a5e68f6,4fc2a0e7391cebce] 2832 --- [http-nio-9090-exec-4] c.c.controller.AuthorizationController   : EXCEPTION - generateToken
2021-08-19 12:33:44.448  INFO [authorizationService,81c2b4935a5e68f6,4fc2a0e7391cebce] 2832 --- [http-nio-9090-exec-4] c.c.exception.ControllerAdviceClass      : STARTED - controllerAdviceResponse
2021-08-19 12:33:44.448  INFO [authorizationService,81c2b4935a5e68f6,4fc2a0e7391cebce] 2832 --- [http-nio-9090-exec-4] c.c.exception.ControllerAdviceClass      : END - controllerAdviceResponse
2021-08-19 12:33:44.450  WARN [authorizationService,81c2b4935a5e68f6,4fc2a0e7391cebce] 2832 --- [http-nio-9090-exec-4] .m.m.a.ExceptionHandlerExceptionResolver : Resolved [com.cognizant.exception.ResourceNotFound: user not found]
2021-08-19 12:34:53.834  INFO [authorizationService,,] 2832 --- [RMI TCP Connection(20)-127.0.0.1] inMXBeanRegistrar$SpringApplicationAdmin : Application shutdown requested.
2021-08-19 12:34:54.717  INFO [authorizationService,,] 2832 --- [RMI TCP Connection(20)-127.0.0.1] j.LocalContainerEntityManagerFactoryBean : Closing JPA EntityManagerFactory for persistence unit 'default'
2021-08-19 12:34:54.804  INFO [authorizationService,,] 2832 --- [RMI TCP Connection(20)-127.0.0.1] .SchemaDropperImpl$DelayedDropActionImpl : HHH000477: Starting delayed evictData of schema as part of SessionFactory shut-down'
2021-08-19 12:34:55.803  WARN [authorizationService,,] 2832 --- [RMI TCP Connection(20)-127.0.0.1] o.s.b.f.support.DisposableBeanAdapter    : Invocation of destroy method failed on bean with name 'inMemoryDatabaseShutdownExecutor': org.h2.jdbc.JdbcSQLNonTransientConnectionException: Database is already closed (to disable automatic closing at VM shutdown, add ";DB_CLOSE_ON_EXIT=FALSE" to the db URL) [90121-200]
2021-08-19 12:34:55.816  INFO [authorizationService,,] 2832 --- [RMI TCP Connection(20)-127.0.0.1] com.zaxxer.hikari.HikariDataSource       : HikariPool-1 - Shutdown initiated...
2021-08-19 12:34:55.953  INFO [authorizationService,,] 2832 --- [RMI TCP Connection(20)-127.0.0.1] com.zaxxer.hikari.HikariDataSource       : HikariPool-1 - Shutdown completed.
2021-08-19 12:35:50.156  INFO [authorizationService,,] 5140 --- [restartedMain] c.c.AuthorizationMicroserviceApplication : Starting AuthorizationMicroserviceApplication using Java 16.0.1 on DESKTOP-UBQ4MP1 with PID 5140 (C:\Users\Sanyam\Desktop\CTS-final-viva\PensionManagement\authorization-microservice\target\classes started by Sanyam in C:\Users\Sanyam\Desktop\CTS-final-viva\PensionManagement\authorization-microservice)
2021-08-19 12:35:50.160  INFO [authorizationService,,] 5140 --- [restartedMain] c.c.AuthorizationMicroserviceApplication : No active profile set, falling back to default profiles: default
2021-08-19 12:35:50.238  INFO [authorizationService,,] 5140 --- [restartedMain] .e.DevToolsPropertyDefaultsPostProcessor : Devtools property defaults active! Set 'spring.devtools.add-properties' to 'false' to disable
2021-08-19 12:35:50.238  INFO [authorizationService,,] 5140 --- [restartedMain] .e.DevToolsPropertyDefaultsPostProcessor : For additional web related logging consider setting the 'logging.level.web' property to 'DEBUG'
2021-08-19 12:35:51.946  INFO [authorizationService,,] 5140 --- [restartedMain] .s.d.r.c.RepositoryConfigurationDelegate : Bootstrapping Spring Data JPA repositories in DEFAULT mode.
2021-08-19 12:35:52.062  INFO [authorizationService,,] 5140 --- [restartedMain] .s.d.r.c.RepositoryConfigurationDelegate : Finished Spring Data repository scanning in 104 ms. Found 1 JPA repository interfaces.
2021-08-19 12:35:52.515  INFO [authorizationService,,] 5140 --- [restartedMain] o.s.cloud.context.scope.GenericScope     : BeanFactory id=e7c74809-317d-35dd-8ff3-65aea5aa621d
2021-08-19 12:35:54.062  INFO [authorizationService,,] 5140 --- [restartedMain] o.s.b.w.embedded.tomcat.TomcatWebServer  : Tomcat initialized with port(s): 9090 (http)
2021-08-19 12:35:54.112  INFO [authorizationService,,] 5140 --- [restartedMain] o.apache.catalina.core.StandardService   : Starting service [Tomcat]
2021-08-19 12:35:54.112  INFO [authorizationService,,] 5140 --- [restartedMain] org.apache.catalina.core.StandardEngine  : Starting Servlet engine: [Apache Tomcat/9.0.50]
2021-08-19 12:35:54.342  INFO [authorizationService,,] 5140 --- [restartedMain] o.a.c.c.C.[Tomcat].[localhost].[/]       : Initializing Spring embedded WebApplicationContext
2021-08-19 12:35:54.342  INFO [authorizationService,,] 5140 --- [restartedMain] w.s.c.ServletWebServerApplicationContext : Root WebApplicationContext: initialization completed in 4103 ms
2021-08-19 12:35:54.444  INFO [authorizationService,,] 5140 --- [restartedMain] com.zaxxer.hikari.HikariDataSource       : HikariPool-1 - Starting...
2021-08-19 12:35:54.752  INFO [authorizationService,,] 5140 --- [restartedMain] com.zaxxer.hikari.HikariDataSource       : HikariPool-1 - Start completed.
2021-08-19 12:35:54.764  INFO [authorizationService,,] 5140 --- [restartedMain] o.s.b.a.h2.H2ConsoleAutoConfiguration    : H2 console available at '/h2-console'. Database available at 'jdbc:h2:mem:testDB'
2021-08-19 12:35:55.214  INFO [authorizationService,,] 5140 --- [restartedMain] o.hibernate.jpa.internal.util.LogHelper  : HHH000204: Processing PersistenceUnitInfo [name: default]
2021-08-19 12:35:55.385  INFO [authorizationService,,] 5140 --- [restartedMain] org.hibernate.Version                    : HHH000412: Hibernate ORM core version 5.4.32.Final
2021-08-19 12:35:55.841  INFO [authorizationService,,] 5140 --- [restartedMain] o.hibernate.annotations.common.Version   : HCANN000001: Hibernate Commons Annotations {5.1.2.Final}
2021-08-19 12:35:56.176  INFO [authorizationService,,] 5140 --- [restartedMain] org.hibernate.dialect.Dialect            : HHH000400: Using dialect: org.hibernate.dialect.H2Dialect
2021-08-19 12:35:57.313  INFO [authorizationService,,] 5140 --- [restartedMain] o.h.e.t.j.p.i.JtaPlatformInitiator       : HHH000490: Using JtaPlatform implementation: [org.hibernate.engine.transaction.jta.platform.internal.NoJtaPlatform]
2021-08-19 12:35:57.323  INFO [authorizationService,,] 5140 --- [restartedMain] j.LocalContainerEntityManagerFactoryBean : Initialized JPA EntityManagerFactory for persistence unit 'default'
2021-08-19 12:35:58.277  INFO [authorizationService,,] 5140 --- [restartedMain] o.s.b.d.a.OptionalLiveReloadServer       : LiveReload server is running on port 35729
2021-08-19 12:35:58.579  WARN [authorizationService,,] 5140 --- [restartedMain] JpaBaseConfiguration$JpaWebConfiguration : spring.jpa.open-in-view is enabled by default. Therefore, database queries may be performed during view rendering. Explicitly configure spring.jpa.open-in-view to disable this warning
2021-08-19 12:35:59.580  INFO [authorizationService,,] 5140 --- [restartedMain] o.s.s.web.DefaultSecurityFilterChain     : Will secure any request with [org.springframework.security.web.context.request.async.WebAsyncManagerIntegrationFilter@1948d961, org.springframework.security.web.context.SecurityContextPersistenceFilter@21bd4739, org.springframework.security.web.header.HeaderWriterFilter@49605a2f, org.springframework.security.web.authentication.logout.LogoutFilter@46d7e7fc, com.cognizant.filter.JwtFilter@36c82831, org.springframework.security.web.savedrequest.RequestCacheAwareFilter@593fc6a7, org.springframework.security.web.servletapi.SecurityContextHolderAwareRequestFilter@3f7f0d8d, org.springframework.security.web.authentication.AnonymousAuthenticationFilter@2020c341, org.springframework.security.web.session.SessionManagementFilter@2e10dd7b, org.springframework.security.web.access.ExceptionTranslationFilter@16854f08, org.springframework.security.web.access.intercept.FilterSecurityInterceptor@1c9d7438]
2021-08-19 12:36:00.715  INFO [authorizationService,,] 5140 --- [restartedMain] o.s.b.w.embedded.tomcat.TomcatWebServer  : Tomcat started on port(s): 9090 (http) with context path ''
2021-08-19 12:36:00.868  INFO [authorizationService,,] 5140 --- [restartedMain] d.s.w.p.DocumentationPluginsBootstrapper : Context refreshed
2021-08-19 12:36:00.895  INFO [authorizationService,,] 5140 --- [restartedMain] d.s.w.p.DocumentationPluginsBootstrapper : Found 1 custom documentation plugin(s)
2021-08-19 12:36:00.909  INFO [authorizationService,,] 5140 --- [restartedMain] s.d.s.w.s.ApiListingReferenceScanner     : Scanning for api listing references
2021-08-19 12:36:01.108  INFO [authorizationService,,] 5140 --- [restartedMain] c.c.AuthorizationMicroserviceApplication : Started AuthorizationMicroserviceApplication in 11.792 seconds (JVM running for 13.926)
2021-08-19 12:38:00.133  INFO [authorizationService,,] 5140 --- [http-nio-9090-exec-1] o.a.c.c.C.[Tomcat].[localhost].[/]       : Initializing Spring DispatcherServlet 'dispatcherServlet'
2021-08-19 12:38:00.134  INFO [authorizationService,,] 5140 --- [http-nio-9090-exec-1] o.s.web.servlet.DispatcherServlet        : Initializing Servlet 'dispatcherServlet'
2021-08-19 12:38:00.137  INFO [authorizationService,,] 5140 --- [http-nio-9090-exec-1] o.s.web.servlet.DispatcherServlet        : Completed initialization in 2 ms
2021-08-19 12:38:00.371  INFO [authorizationService,4dfdc86c4c17e2d1,3e13e4d0ee602d0a] 5140 --- [http-nio-9090-exec-1] c.c.controller.AuthorizationController   : STARTED - generateToken
2021-08-19 12:38:00.373  INFO [authorizationService,4dfdc86c4c17e2d1,3e13e4d0ee602d0a] 5140 --- [http-nio-9090-exec-1] c.c.service.CustomUserDetailService      : STARTED - loadUserByUsername
2021-08-19 12:38:00.414  INFO [authorizationService,5105dfa3000e3078,8bfabddf6d931d48] 5140 --- [http-nio-9090-exec-2] c.c.controller.AuthorizationController   : STARTED - generateToken
2021-08-19 12:38:00.414  INFO [authorizationService,5105dfa3000e3078,8bfabddf6d931d48] 5140 --- [http-nio-9090-exec-2] c.c.service.CustomUserDetailService      : STARTED - loadUserByUsername
2021-08-19 12:38:00.729  INFO [authorizationService,4dfdc86c4c17e2d1,3e13e4d0ee602d0a] 5140 --- [http-nio-9090-exec-1] c.c.service.CustomUserDetailService      : END - loadUserByUsername
2021-08-19 12:38:00.729  INFO [authorizationService,5105dfa3000e3078,8bfabddf6d931d48] 5140 --- [http-nio-9090-exec-2] c.c.service.CustomUserDetailService      : END - loadUserByUsername
2021-08-19 12:38:00.732  INFO [authorizationService,5105dfa3000e3078,8bfabddf6d931d48] 5140 --- [http-nio-9090-exec-2] c.c.controller.AuthorizationController   : END - generateToken
2021-08-19 12:38:00.732  INFO [authorizationService,4dfdc86c4c17e2d1,3e13e4d0ee602d0a] 5140 --- [http-nio-9090-exec-1] c.c.controller.AuthorizationController   : END - generateToken
2021-08-19 12:40:37.798  INFO [authorizationService,e6926b8820de9773,8f3ed8d6fe35b917] 5140 --- [http-nio-9090-exec-5] c.c.service.CustomUserDetailService      : STARTED - loadUserByUsername
2021-08-19 12:40:37.948  INFO [authorizationService,e6926b8820de9773,8f3ed8d6fe35b917] 5140 --- [http-nio-9090-exec-5] c.c.service.CustomUserDetailService      : END - loadUserByUsername
2021-08-19 12:40:37.958  INFO [authorizationService,e6926b8820de9773,8f3ed8d6fe35b917] 5140 --- [http-nio-9090-exec-5] c.c.controller.AuthorizationController   : STARTED - authorization
2021-08-19 12:40:37.960  INFO [authorizationService,e6926b8820de9773,8f3ed8d6fe35b917] 5140 --- [http-nio-9090-exec-5] c.c.service.CustomUserDetailService      : STARTED - loadUserByUsername
2021-08-19 12:40:37.961  INFO [authorizationService,e6926b8820de9773,8f3ed8d6fe35b917] 5140 --- [http-nio-9090-exec-5] c.c.service.CustomUserDetailService      : END - loadUserByUsername
2021-08-19 12:40:37.964  INFO [authorizationService,e6926b8820de9773,8f3ed8d6fe35b917] 5140 --- [http-nio-9090-exec-5] c.c.controller.AuthorizationController   : END - authorization
2021-08-19 12:40:38.044  INFO [authorizationService,e6926b8820de9773,6a6986c2dcbc0f2f] 5140 --- [http-nio-9090-exec-6] c.c.service.CustomUserDetailService      : STARTED - loadUserByUsername
2021-08-19 12:40:38.045  INFO [authorizationService,e6926b8820de9773,6a6986c2dcbc0f2f] 5140 --- [http-nio-9090-exec-6] c.c.service.CustomUserDetailService      : END - loadUserByUsername
2021-08-19 12:40:38.048  INFO [authorizationService,e6926b8820de9773,6a6986c2dcbc0f2f] 5140 --- [http-nio-9090-exec-6] c.c.controller.AuthorizationController   : STARTED - authorization
2021-08-19 12:40:38.049  INFO [authorizationService,e6926b8820de9773,6a6986c2dcbc0f2f] 5140 --- [http-nio-9090-exec-6] c.c.service.CustomUserDetailService      : STARTED - loadUserByUsername
2021-08-19 12:40:38.049  INFO [authorizationService,e6926b8820de9773,6a6986c2dcbc0f2f] 5140 --- [http-nio-9090-exec-6] c.c.service.CustomUserDetailService      : END - loadUserByUsername
2021-08-19 12:40:38.051  INFO [authorizationService,e6926b8820de9773,6a6986c2dcbc0f2f] 5140 --- [http-nio-9090-exec-6] c.c.controller.AuthorizationController   : END - authorization
2021-08-19 12:40:45.436  INFO [authorizationService,680b70c9626b150b,d51293dbb105f484] 5140 --- [http-nio-9090-exec-7] c.c.service.CustomUserDetailService      : STARTED - loadUserByUsername
2021-08-19 12:40:45.438  INFO [authorizationService,680b70c9626b150b,d51293dbb105f484] 5140 --- [http-nio-9090-exec-7] c.c.service.CustomUserDetailService      : END - loadUserByUsername
2021-08-19 12:40:45.441  INFO [authorizationService,680b70c9626b150b,d51293dbb105f484] 5140 --- [http-nio-9090-exec-7] c.c.controller.AuthorizationController   : STARTED - authorization
2021-08-19 12:40:45.443  INFO [authorizationService,680b70c9626b150b,d51293dbb105f484] 5140 --- [http-nio-9090-exec-7] c.c.service.CustomUserDetailService      : STARTED - loadUserByUsername
2021-08-19 12:40:45.445  INFO [authorizationService,680b70c9626b150b,d51293dbb105f484] 5140 --- [http-nio-9090-exec-7] c.c.service.CustomUserDetailService      : END - loadUserByUsername
2021-08-19 12:40:45.447  INFO [authorizationService,680b70c9626b150b,d51293dbb105f484] 5140 --- [http-nio-9090-exec-7] c.c.controller.AuthorizationController   : END - authorization
2021-08-19 12:40:45.460  INFO [authorizationService,680b70c9626b150b,c3de9ff55bb22f0b] 5140 --- [http-nio-9090-exec-8] c.c.service.CustomUserDetailService      : STARTED - loadUserByUsername
2021-08-19 12:40:45.461  INFO [authorizationService,680b70c9626b150b,c3de9ff55bb22f0b] 5140 --- [http-nio-9090-exec-8] c.c.service.CustomUserDetailService      : END - loadUserByUsername
2021-08-19 12:40:45.464  INFO [authorizationService,680b70c9626b150b,c3de9ff55bb22f0b] 5140 --- [http-nio-9090-exec-8] c.c.controller.AuthorizationController   : STARTED - authorization
2021-08-19 12:40:45.465  INFO [authorizationService,680b70c9626b150b,c3de9ff55bb22f0b] 5140 --- [http-nio-9090-exec-8] c.c.service.CustomUserDetailService      : STARTED - loadUserByUsername
2021-08-19 12:40:45.466  INFO [authorizationService,680b70c9626b150b,c3de9ff55bb22f0b] 5140 --- [http-nio-9090-exec-8] c.c.service.CustomUserDetailService      : END - loadUserByUsername
2021-08-19 12:40:45.467  INFO [authorizationService,680b70c9626b150b,c3de9ff55bb22f0b] 5140 --- [http-nio-9090-exec-8] c.c.controller.AuthorizationController   : END - authorization
2021-08-19 12:41:26.114  INFO [authorizationService,15455f131e97a272,d524e143f6011a53] 5140 --- [http-nio-9090-exec-9] c.c.service.CustomUserDetailService      : STARTED - loadUserByUsername
2021-08-19 12:41:26.119  INFO [authorizationService,15455f131e97a272,d524e143f6011a53] 5140 --- [http-nio-9090-exec-9] c.c.service.CustomUserDetailService      : END - loadUserByUsername
2021-08-19 12:41:26.122  INFO [authorizationService,15455f131e97a272,d524e143f6011a53] 5140 --- [http-nio-9090-exec-9] c.c.controller.AuthorizationController   : STARTED - authorization
2021-08-19 12:41:26.123  INFO [authorizationService,15455f131e97a272,d524e143f6011a53] 5140 --- [http-nio-9090-exec-9] c.c.service.CustomUserDetailService      : STARTED - loadUserByUsername
2021-08-19 12:41:26.125  INFO [authorizationService,15455f131e97a272,d524e143f6011a53] 5140 --- [http-nio-9090-exec-9] c.c.service.CustomUserDetailService      : END - loadUserByUsername
2021-08-19 12:41:26.127  INFO [authorizationService,15455f131e97a272,d524e143f6011a53] 5140 --- [http-nio-9090-exec-9] c.c.controller.AuthorizationController   : END - authorization
2021-08-19 12:41:26.728  INFO [authorizationService,15455f131e97a272,cfd1ebe03c4ff40c] 5140 --- [http-nio-9090-exec-10] c.c.service.CustomUserDetailService      : STARTED - loadUserByUsername
2021-08-19 12:41:26.730  INFO [authorizationService,15455f131e97a272,cfd1ebe03c4ff40c] 5140 --- [http-nio-9090-exec-10] c.c.service.CustomUserDetailService      : END - loadUserByUsername
2021-08-19 12:41:26.734  INFO [authorizationService,15455f131e97a272,cfd1ebe03c4ff40c] 5140 --- [http-nio-9090-exec-10] c.c.controller.AuthorizationController   : STARTED - authorization
2021-08-19 12:41:26.735  INFO [authorizationService,15455f131e97a272,cfd1ebe03c4ff40c] 5140 --- [http-nio-9090-exec-10] c.c.service.CustomUserDetailService      : STARTED - loadUserByUsername
2021-08-19 12:41:26.736  INFO [authorizationService,15455f131e97a272,cfd1ebe03c4ff40c] 5140 --- [http-nio-9090-exec-10] c.c.service.CustomUserDetailService      : END - loadUserByUsername
2021-08-19 12:41:26.737  INFO [authorizationService,15455f131e97a272,cfd1ebe03c4ff40c] 5140 --- [http-nio-9090-exec-10] c.c.controller.AuthorizationController   : END - authorization
2021-08-19 12:41:42.169  INFO [authorizationService,fc4b3e859fdfffb1,6944fd945da4657c] 5140 --- [http-nio-9090-exec-2] c.c.service.CustomUserDetailService      : STARTED - loadUserByUsername
2021-08-19 12:41:42.173  INFO [authorizationService,fc4b3e859fdfffb1,6944fd945da4657c] 5140 --- [http-nio-9090-exec-2] c.c.service.CustomUserDetailService      : END - loadUserByUsername
2021-08-19 12:41:42.176  INFO [authorizationService,fc4b3e859fdfffb1,6944fd945da4657c] 5140 --- [http-nio-9090-exec-2] c.c.controller.AuthorizationController   : STARTED - authorization
2021-08-19 12:41:42.177  INFO [authorizationService,fc4b3e859fdfffb1,6944fd945da4657c] 5140 --- [http-nio-9090-exec-2] c.c.service.CustomUserDetailService      : STARTED - loadUserByUsername
2021-08-19 12:41:42.179  INFO [authorizationService,fc4b3e859fdfffb1,6944fd945da4657c] 5140 --- [http-nio-9090-exec-2] c.c.service.CustomUserDetailService      : END - loadUserByUsername
2021-08-19 12:41:42.180  INFO [authorizationService,fc4b3e859fdfffb1,6944fd945da4657c] 5140 --- [http-nio-9090-exec-2] c.c.controller.AuthorizationController   : END - authorization
2021-08-19 12:41:42.198  INFO [authorizationService,fc4b3e859fdfffb1,4218a10d04eff2a0] 5140 --- [http-nio-9090-exec-1] c.c.service.CustomUserDetailService      : STARTED - loadUserByUsername
2021-08-19 12:41:42.200  INFO [authorizationService,fc4b3e859fdfffb1,4218a10d04eff2a0] 5140 --- [http-nio-9090-exec-1] c.c.service.CustomUserDetailService      : END - loadUserByUsername
2021-08-19 12:41:42.203  INFO [authorizationService,fc4b3e859fdfffb1,4218a10d04eff2a0] 5140 --- [http-nio-9090-exec-1] c.c.controller.AuthorizationController   : STARTED - authorization
2021-08-19 12:41:42.206  INFO [authorizationService,fc4b3e859fdfffb1,4218a10d04eff2a0] 5140 --- [http-nio-9090-exec-1] c.c.service.CustomUserDetailService      : STARTED - loadUserByUsername
2021-08-19 12:41:42.208  INFO [authorizationService,fc4b3e859fdfffb1,4218a10d04eff2a0] 5140 --- [http-nio-9090-exec-1] c.c.service.CustomUserDetailService      : END - loadUserByUsername
2021-08-19 12:41:42.210  INFO [authorizationService,fc4b3e859fdfffb1,4218a10d04eff2a0] 5140 --- [http-nio-9090-exec-1] c.c.controller.AuthorizationController   : END - authorization
2021-08-19 12:42:09.002  INFO [authorizationService,4b25324ea6a70a41,ac27caf5e72993da] 5140 --- [http-nio-9090-exec-3] c.c.service.CustomUserDetailService      : STARTED - loadUserByUsername
2021-08-19 12:42:09.004  INFO [authorizationService,4b25324ea6a70a41,ac27caf5e72993da] 5140 --- [http-nio-9090-exec-3] c.c.service.CustomUserDetailService      : END - loadUserByUsername
2021-08-19 12:42:09.005  INFO [authorizationService,4b25324ea6a70a41,ac27caf5e72993da] 5140 --- [http-nio-9090-exec-3] c.c.controller.AuthorizationController   : STARTED - authorization
2021-08-19 12:42:09.006  INFO [authorizationService,4b25324ea6a70a41,ac27caf5e72993da] 5140 --- [http-nio-9090-exec-3] c.c.service.CustomUserDetailService      : STARTED - loadUserByUsername
2021-08-19 12:42:09.007  INFO [authorizationService,4b25324ea6a70a41,ac27caf5e72993da] 5140 --- [http-nio-9090-exec-3] c.c.service.CustomUserDetailService      : END - loadUserByUsername
2021-08-19 12:42:09.009  INFO [authorizationService,4b25324ea6a70a41,ac27caf5e72993da] 5140 --- [http-nio-9090-exec-3] c.c.controller.AuthorizationController   : END - authorization
2021-08-19 12:42:09.022  INFO [authorizationService,4b25324ea6a70a41,1249754723a1b3df] 5140 --- [http-nio-9090-exec-4] c.c.service.CustomUserDetailService      : STARTED - loadUserByUsername
2021-08-19 12:42:09.023  INFO [authorizationService,4b25324ea6a70a41,1249754723a1b3df] 5140 --- [http-nio-9090-exec-4] c.c.service.CustomUserDetailService      : END - loadUserByUsername
2021-08-19 12:42:09.025  INFO [authorizationService,4b25324ea6a70a41,1249754723a1b3df] 5140 --- [http-nio-9090-exec-4] c.c.controller.AuthorizationController   : STARTED - authorization
2021-08-19 12:42:09.026  INFO [authorizationService,4b25324ea6a70a41,1249754723a1b3df] 5140 --- [http-nio-9090-exec-4] c.c.service.CustomUserDetailService      : STARTED - loadUserByUsername
2021-08-19 12:42:09.027  INFO [authorizationService,4b25324ea6a70a41,1249754723a1b3df] 5140 --- [http-nio-9090-exec-4] c.c.service.CustomUserDetailService      : END - loadUserByUsername
2021-08-19 12:42:09.030  INFO [authorizationService,4b25324ea6a70a41,1249754723a1b3df] 5140 --- [http-nio-9090-exec-4] c.c.controller.AuthorizationController   : END - authorization
2021-08-19 12:42:09.318  INFO [authorizationService,d39c156ce1927dc4,313dab305503f8da] 5140 --- [http-nio-9090-exec-5] c.c.service.CustomUserDetailService      : STARTED - loadUserByUsername
2021-08-19 12:42:09.320  INFO [authorizationService,d39c156ce1927dc4,313dab305503f8da] 5140 --- [http-nio-9090-exec-5] c.c.service.CustomUserDetailService      : END - loadUserByUsername
2021-08-19 12:42:09.322  INFO [authorizationService,d39c156ce1927dc4,313dab305503f8da] 5140 --- [http-nio-9090-exec-5] c.c.controller.AuthorizationController   : STARTED - authorization
2021-08-19 12:42:09.323  INFO [authorizationService,d39c156ce1927dc4,313dab305503f8da] 5140 --- [http-nio-9090-exec-5] c.c.service.CustomUserDetailService      : STARTED - loadUserByUsername
2021-08-19 12:42:09.325  INFO [authorizationService,d39c156ce1927dc4,313dab305503f8da] 5140 --- [http-nio-9090-exec-5] c.c.service.CustomUserDetailService      : END - loadUserByUsername
2021-08-19 12:42:09.326  INFO [authorizationService,d39c156ce1927dc4,313dab305503f8da] 5140 --- [http-nio-9090-exec-5] c.c.controller.AuthorizationController   : END - authorization
2021-08-19 12:42:09.342  INFO [authorizationService,d39c156ce1927dc4,5a1aced90bc4e524] 5140 --- [http-nio-9090-exec-6] c.c.service.CustomUserDetailService      : STARTED - loadUserByUsername
2021-08-19 12:42:09.343  INFO [authorizationService,d39c156ce1927dc4,5a1aced90bc4e524] 5140 --- [http-nio-9090-exec-6] c.c.service.CustomUserDetailService      : END - loadUserByUsername
2021-08-19 12:42:09.346  INFO [authorizationService,d39c156ce1927dc4,5a1aced90bc4e524] 5140 --- [http-nio-9090-exec-6] c.c.controller.AuthorizationController   : STARTED - authorization
2021-08-19 12:42:09.347  INFO [authorizationService,d39c156ce1927dc4,5a1aced90bc4e524] 5140 --- [http-nio-9090-exec-6] c.c.service.CustomUserDetailService      : STARTED - loadUserByUsername
2021-08-19 12:42:09.348  INFO [authorizationService,d39c156ce1927dc4,5a1aced90bc4e524] 5140 --- [http-nio-9090-exec-6] c.c.service.CustomUserDetailService      : END - loadUserByUsername
2021-08-19 12:42:09.349  INFO [authorizationService,d39c156ce1927dc4,5a1aced90bc4e524] 5140 --- [http-nio-9090-exec-6] c.c.controller.AuthorizationController   : END - authorization
2021-08-19 13:00:15.491  INFO [authorizationService,,] 5140 --- [RMI TCP Connection(32)-127.0.0.1] inMXBeanRegistrar$SpringApplicationAdmin : Application shutdown requested.
2021-08-19 13:00:16.323  INFO [authorizationService,,] 5140 --- [RMI TCP Connection(32)-127.0.0.1] j.LocalContainerEntityManagerFactoryBean : Closing JPA EntityManagerFactory for persistence unit 'default'
2021-08-19 13:00:16.326  INFO [authorizationService,,] 5140 --- [RMI TCP Connection(32)-127.0.0.1] .SchemaDropperImpl$DelayedDropActionImpl : HHH000477: Starting delayed evictData of schema as part of SessionFactory shut-down'
2021-08-19 13:00:16.731  WARN [authorizationService,,] 5140 --- [RMI TCP Connection(32)-127.0.0.1] o.s.b.f.support.DisposableBeanAdapter    : Invocation of destroy method failed on bean with name 'inMemoryDatabaseShutdownExecutor': org.h2.jdbc.JdbcSQLNonTransientConnectionException: Database is already closed (to disable automatic closing at VM shutdown, add ";DB_CLOSE_ON_EXIT=FALSE" to the db URL) [90121-200]
2021-08-19 13:00:16.734  INFO [authorizationService,,] 5140 --- [RMI TCP Connection(32)-127.0.0.1] com.zaxxer.hikari.HikariDataSource       : HikariPool-1 - Shutdown initiated...
2021-08-19 13:00:16.737  INFO [authorizationService,,] 5140 --- [RMI TCP Connection(32)-127.0.0.1] com.zaxxer.hikari.HikariDataSource       : HikariPool-1 - Shutdown completed.
